2025-03-09 19:06:17,267 - INFO - ========== 开始数据清洗 ==========
2025-03-09 19:06:17,267 - INFO - 开始清洗文件: e:\Coding\NLP-Project\QuantTradingTransformer\data\raw\AAPL.csv
2025-03-09 19:06:17,292 - ERROR - 清洗文件 e:\Coding\NLP-Project\QuantTradingTransformer\data\raw\AAPL.csv 时出错: Unknown datetime string format, unable to parse: Date, at position 0
2025-03-09 19:06:17,293 - INFO - 开始清洗文件: e:\Coding\NLP-Project\QuantTradingTransformer\data\raw\GOOGL.csv
2025-03-09 19:06:17,302 - ERROR - 清洗文件 e:\Coding\NLP-Project\QuantTradingTransformer\data\raw\GOOGL.csv 时出错: Unknown datetime string format, unable to parse: Date, at position 0
2025-03-09 19:06:17,302 - INFO - 开始清洗文件: e:\Coding\NLP-Project\QuantTradingTransformer\data\raw\MSFT.csv
2025-03-09 19:06:17,350 - ERROR - 清洗文件 e:\Coding\NLP-Project\QuantTradingTransformer\data\raw\MSFT.csv 时出错: Unknown datetime string format, unable to parse: Date, at position 0
2025-03-09 19:06:17,350 - INFO - 开始清洗文件: e:\Coding\NLP-Project\QuantTradingTransformer\data\raw\NVDA.csv
2025-03-09 19:06:17,372 - ERROR - 清洗文件 e:\Coding\NLP-Project\QuantTradingTransformer\data\raw\NVDA.csv 时出错: Unknown datetime string format, unable to parse: Date, at position 0
2025-03-09 19:06:17,373 - INFO - 开始清洗文件: e:\Coding\NLP-Project\QuantTradingTransformer\data\raw\TSLA.csv
2025-03-09 19:06:17,381 - ERROR - 清洗文件 e:\Coding\NLP-Project\QuantTradingTransformer\data\raw\TSLA.csv 时出错: Unknown datetime string format, unable to parse: Date, at position 0
2025-03-09 19:06:17,381 - INFO - ========== 数据清洗完成 ==========
2025-03-09 19:10:33,604 - INFO - ========== 开始数据清洗 ==========
2025-03-09 19:10:33,605 - INFO - 开始清洗文件: e:\Coding\NLP-Project\QuantTradingTransformer\data\raw\AAPL.csv
2025-03-09 19:10:33,619 - ERROR - 清洗文件 e:\Coding\NLP-Project\QuantTradingTransformer\data\raw\AAPL.csv 时出错: time data "Date" doesn't match format "%Y-%m-%d", at position 0. You might want to try:
    - passing `format` if your strings have a consistent format;
    - passing `format='ISO8601'` if your strings are all ISO8601 but not necessarily in exactly the same format;
    - passing `format='mixed'`, and the format will be inferred for each element individually. You might want to use `dayfirst` alongside this.
2025-03-09 19:10:33,620 - INFO - 开始清洗文件: e:\Coding\NLP-Project\QuantTradingTransformer\data\raw\GOOGL.csv
2025-03-09 19:10:33,628 - ERROR - 清洗文件 e:\Coding\NLP-Project\QuantTradingTransformer\data\raw\GOOGL.csv 时出错: time data "Date" doesn't match format "%Y-%m-%d", at position 0. You might want to try:
    - passing `format` if your strings have a consistent format;
    - passing `format='ISO8601'` if your strings are all ISO8601 but not necessarily in exactly the same format;
    - passing `format='mixed'`, and the format will be inferred for each element individually. You might want to use `dayfirst` alongside this.
2025-03-09 19:10:33,628 - INFO - 开始清洗文件: e:\Coding\NLP-Project\QuantTradingTransformer\data\raw\MSFT.csv
2025-03-09 19:10:33,635 - ERROR - 清洗文件 e:\Coding\NLP-Project\QuantTradingTransformer\data\raw\MSFT.csv 时出错: time data "Date" doesn't match format "%Y-%m-%d", at position 0. You might want to try:
    - passing `format` if your strings have a consistent format;
    - passing `format='ISO8601'` if your strings are all ISO8601 but not necessarily in exactly the same format;
    - passing `format='mixed'`, and the format will be inferred for each element individually. You might want to use `dayfirst` alongside this.
2025-03-09 19:10:33,636 - INFO - 开始清洗文件: e:\Coding\NLP-Project\QuantTradingTransformer\data\raw\NVDA.csv
2025-03-09 19:10:33,643 - ERROR - 清洗文件 e:\Coding\NLP-Project\QuantTradingTransformer\data\raw\NVDA.csv 时出错: time data "Date" doesn't match format "%Y-%m-%d", at position 0. You might want to try:
    - passing `format` if your strings have a consistent format;
    - passing `format='ISO8601'` if your strings are all ISO8601 but not necessarily in exactly the same format;
    - passing `format='mixed'`, and the format will be inferred for each element individually. You might want to use `dayfirst` alongside this.
2025-03-09 19:10:33,644 - INFO - 开始清洗文件: e:\Coding\NLP-Project\QuantTradingTransformer\data\raw\TSLA.csv
2025-03-09 19:10:33,651 - ERROR - 清洗文件 e:\Coding\NLP-Project\QuantTradingTransformer\data\raw\TSLA.csv 时出错: time data "Date" doesn't match format "%Y-%m-%d", at position 0. You might want to try:
    - passing `format` if your strings have a consistent format;
    - passing `format='ISO8601'` if your strings are all ISO8601 but not necessarily in exactly the same format;
    - passing `format='mixed'`, and the format will be inferred for each element individually. You might want to use `dayfirst` alongside this.
2025-03-09 19:10:33,652 - INFO - ========== 数据清洗完成 ==========
2025-03-09 19:12:16,713 - INFO - ========== 开始数据清洗 ==========
2025-03-09 19:12:16,714 - INFO - 开始清洗文件: e:\Coding\NLP-Project\QuantTradingTransformer\data\raw\AAPL.csv
2025-03-09 19:12:16,729 - ERROR - 清洗文件 e:\Coding\NLP-Project\QuantTradingTransformer\data\raw\AAPL.csv 时出错: time data "Date" doesn't match format "%Y-%m-%d", at position 0. You might want to try:
    - passing `format` if your strings have a consistent format;
    - passing `format='ISO8601'` if your strings are all ISO8601 but not necessarily in exactly the same format;
    - passing `format='mixed'`, and the format will be inferred for each element individually. You might want to use `dayfirst` alongside this.
2025-03-09 19:12:16,729 - INFO - 开始清洗文件: e:\Coding\NLP-Project\QuantTradingTransformer\data\raw\GOOGL.csv
2025-03-09 19:12:16,737 - ERROR - 清洗文件 e:\Coding\NLP-Project\QuantTradingTransformer\data\raw\GOOGL.csv 时出错: time data "Date" doesn't match format "%Y-%m-%d", at position 0. You might want to try:
    - passing `format` if your strings have a consistent format;
    - passing `format='ISO8601'` if your strings are all ISO8601 but not necessarily in exactly the same format;
    - passing `format='mixed'`, and the format will be inferred for each element individually. You might want to use `dayfirst` alongside this.
2025-03-09 19:12:16,737 - INFO - 开始清洗文件: e:\Coding\NLP-Project\QuantTradingTransformer\data\raw\MSFT.csv
2025-03-09 19:12:16,746 - ERROR - 清洗文件 e:\Coding\NLP-Project\QuantTradingTransformer\data\raw\MSFT.csv 时出错: time data "Date" doesn't match format "%Y-%m-%d", at position 0. You might want to try:
    - passing `format` if your strings have a consistent format;
    - passing `format='ISO8601'` if your strings are all ISO8601 but not necessarily in exactly the same format;
    - passing `format='mixed'`, and the format will be inferred for each element individually. You might want to use `dayfirst` alongside this.
2025-03-09 19:12:16,746 - INFO - 开始清洗文件: e:\Coding\NLP-Project\QuantTradingTransformer\data\raw\NVDA.csv
2025-03-09 19:12:16,754 - ERROR - 清洗文件 e:\Coding\NLP-Project\QuantTradingTransformer\data\raw\NVDA.csv 时出错: time data "Date" doesn't match format "%Y-%m-%d", at position 0. You might want to try:
    - passing `format` if your strings have a consistent format;
    - passing `format='ISO8601'` if your strings are all ISO8601 but not necessarily in exactly the same format;
    - passing `format='mixed'`, and the format will be inferred for each element individually. You might want to use `dayfirst` alongside this.
2025-03-09 19:12:16,754 - INFO - 开始清洗文件: e:\Coding\NLP-Project\QuantTradingTransformer\data\raw\TSLA.csv
2025-03-09 19:12:16,762 - ERROR - 清洗文件 e:\Coding\NLP-Project\QuantTradingTransformer\data\raw\TSLA.csv 时出错: time data "Date" doesn't match format "%Y-%m-%d", at position 0. You might want to try:
    - passing `format` if your strings have a consistent format;
    - passing `format='ISO8601'` if your strings are all ISO8601 but not necessarily in exactly the same format;
    - passing `format='mixed'`, and the format will be inferred for each element individually. You might want to use `dayfirst` alongside this.
2025-03-09 19:12:16,762 - INFO - ========== 数据清洗完成 ==========
2025-03-09 19:13:10,739 - INFO - ========== 开始数据清洗 ==========
2025-03-09 19:13:10,740 - INFO - 开始清洗文件: e:\Coding\NLP-Project\QuantTradingTransformer\data\raw\AAPL.csv
2025-03-09 19:13:10,816 - INFO - 清洗后的数据已保存至: e:\Coding\NLP-Project\QuantTradingTransformer\data\processed\AAPL_cleaned.csv
2025-03-09 19:13:10,816 - INFO - 开始清洗文件: e:\Coding\NLP-Project\QuantTradingTransformer\data\raw\GOOGL.csv
2025-03-09 19:13:10,844 - INFO - 清洗后的数据已保存至: e:\Coding\NLP-Project\QuantTradingTransformer\data\processed\GOOGL_cleaned.csv
2025-03-09 19:13:10,844 - INFO - 开始清洗文件: e:\Coding\NLP-Project\QuantTradingTransformer\data\raw\MSFT.csv
2025-03-09 19:13:10,874 - INFO - 清洗后的数据已保存至: e:\Coding\NLP-Project\QuantTradingTransformer\data\processed\MSFT_cleaned.csv
2025-03-09 19:13:10,874 - INFO - 开始清洗文件: e:\Coding\NLP-Project\QuantTradingTransformer\data\raw\NVDA.csv
2025-03-09 19:13:10,902 - INFO - 清洗后的数据已保存至: e:\Coding\NLP-Project\QuantTradingTransformer\data\processed\NVDA_cleaned.csv
2025-03-09 19:13:10,904 - INFO - 开始清洗文件: e:\Coding\NLP-Project\QuantTradingTransformer\data\raw\TSLA.csv
2025-03-09 19:13:10,933 - INFO - 清洗后的数据已保存至: e:\Coding\NLP-Project\QuantTradingTransformer\data\processed\TSLA_cleaned.csv
2025-03-09 19:13:10,933 - INFO - ========== 数据清洗完成 ==========
2025-03-09 19:15:29,947 - INFO - ========== 开始数据清洗 ==========
2025-03-09 19:15:29,947 - INFO - 开始清洗文件: e:\Coding\NLP-Project\QuantTradingTransformer\data\raw\AAPL.csv
2025-03-09 19:15:29,960 - ERROR - 清洗文件 e:\Coding\NLP-Project\QuantTradingTransformer\data\raw\AAPL.csv 时出错: 'numpy.float64' object has no attribute 'lower'
2025-03-09 19:15:29,960 - INFO - 开始清洗文件: e:\Coding\NLP-Project\QuantTradingTransformer\data\raw\GOOGL.csv
2025-03-09 19:15:29,966 - ERROR - 清洗文件 e:\Coding\NLP-Project\QuantTradingTransformer\data\raw\GOOGL.csv 时出错: 'numpy.float64' object has no attribute 'lower'
2025-03-09 19:15:29,966 - INFO - 开始清洗文件: e:\Coding\NLP-Project\QuantTradingTransformer\data\raw\MSFT.csv
2025-03-09 19:15:29,973 - ERROR - 清洗文件 e:\Coding\NLP-Project\QuantTradingTransformer\data\raw\MSFT.csv 时出错: 'numpy.float64' object has no attribute 'lower'
2025-03-09 19:15:29,974 - INFO - 开始清洗文件: e:\Coding\NLP-Project\QuantTradingTransformer\data\raw\NVDA.csv
2025-03-09 19:15:29,980 - ERROR - 清洗文件 e:\Coding\NLP-Project\QuantTradingTransformer\data\raw\NVDA.csv 时出错: 'numpy.float64' object has no attribute 'lower'
2025-03-09 19:15:29,980 - INFO - 开始清洗文件: e:\Coding\NLP-Project\QuantTradingTransformer\data\raw\TSLA.csv
2025-03-09 19:15:29,988 - ERROR - 清洗文件 e:\Coding\NLP-Project\QuantTradingTransformer\data\raw\TSLA.csv 时出错: 'numpy.float64' object has no attribute 'lower'
2025-03-09 19:15:29,988 - INFO - ========== 数据清洗完成 ==========
2025-03-09 19:15:42,222 - INFO - ========== 开始数据清洗 ==========
2025-03-09 19:15:42,222 - INFO - 开始清洗文件: e:\Coding\NLP-Project\QuantTradingTransformer\data\raw\AAPL.csv
2025-03-09 19:15:42,260 - INFO - 清洗后的数据已保存至: e:\Coding\NLP-Project\QuantTradingTransformer\data\processed\AAPL_cleaned.csv
2025-03-09 19:15:42,261 - INFO - 开始清洗文件: e:\Coding\NLP-Project\QuantTradingTransformer\data\raw\GOOGL.csv
2025-03-09 19:15:42,293 - INFO - 清洗后的数据已保存至: e:\Coding\NLP-Project\QuantTradingTransformer\data\processed\GOOGL_cleaned.csv
2025-03-09 19:15:42,293 - INFO - 开始清洗文件: e:\Coding\NLP-Project\QuantTradingTransformer\data\raw\MSFT.csv
2025-03-09 19:15:42,322 - INFO - 清洗后的数据已保存至: e:\Coding\NLP-Project\QuantTradingTransformer\data\processed\MSFT_cleaned.csv
2025-03-09 19:15:42,322 - INFO - 开始清洗文件: e:\Coding\NLP-Project\QuantTradingTransformer\data\raw\NVDA.csv
2025-03-09 19:15:42,351 - INFO - 清洗后的数据已保存至: e:\Coding\NLP-Project\QuantTradingTransformer\data\processed\NVDA_cleaned.csv
2025-03-09 19:15:42,352 - INFO - 开始清洗文件: e:\Coding\NLP-Project\QuantTradingTransformer\data\raw\TSLA.csv
2025-03-09 19:15:42,391 - INFO - 清洗后的数据已保存至: e:\Coding\NLP-Project\QuantTradingTransformer\data\processed\TSLA_cleaned.csv
2025-03-09 19:15:42,391 - INFO - ========== 数据清洗完成 ==========
2025-03-09 19:34:24,299 - INFO - ========== 开始数据清洗 ==========
2025-03-09 19:34:24,300 - INFO - 开始清洗文件: e:\Coding\NLP-Project\QuantTradingTransformer\data\raw\AAPL.csv
2025-03-09 19:34:24,343 - INFO - 清洗后的数据已保存至: e:\Coding\NLP-Project\QuantTradingTransformer\data\cleaned\AAPL_cleaned.csv
2025-03-09 19:34:24,343 - INFO - 开始清洗文件: e:\Coding\NLP-Project\QuantTradingTransformer\data\raw\GOOGL.csv
2025-03-09 19:34:24,371 - INFO - 清洗后的数据已保存至: e:\Coding\NLP-Project\QuantTradingTransformer\data\cleaned\GOOGL_cleaned.csv
2025-03-09 19:34:24,371 - INFO - 开始清洗文件: e:\Coding\NLP-Project\QuantTradingTransformer\data\raw\MSFT.csv
2025-03-09 19:34:24,399 - INFO - 清洗后的数据已保存至: e:\Coding\NLP-Project\QuantTradingTransformer\data\cleaned\MSFT_cleaned.csv
2025-03-09 19:34:24,400 - INFO - 开始清洗文件: e:\Coding\NLP-Project\QuantTradingTransformer\data\raw\NVDA.csv
2025-03-09 19:34:24,427 - INFO - 清洗后的数据已保存至: e:\Coding\NLP-Project\QuantTradingTransformer\data\cleaned\NVDA_cleaned.csv
2025-03-09 19:34:24,428 - INFO - 开始清洗文件: e:\Coding\NLP-Project\QuantTradingTransformer\data\raw\TSLA.csv
2025-03-09 19:34:24,455 - INFO - 清洗后的数据已保存至: e:\Coding\NLP-Project\QuantTradingTransformer\data\cleaned\TSLA_cleaned.csv
2025-03-09 19:34:24,455 - INFO - ========== 数据清洗完成 ==========
2025-03-09 21:11:59,582 - INFO - ========== 开始数据清洗 ==========
2025-03-09 21:11:59,584 - INFO - 开始清洗文件: e:\Coding\NLP-Project\QuantTradingTransformer\data\raw\AAPL_weekly.csv
2025-03-09 21:11:59,609 - INFO - 清洗后的数据已保存至: e:\Coding\NLP-Project\QuantTradingTransformer\data\cleaned\AAPL_weekly_cleaned.csv
2025-03-09 21:11:59,609 - INFO - 开始清洗文件: e:\Coding\NLP-Project\QuantTradingTransformer\data\raw\GOOGL_weekly.csv
2025-03-09 21:11:59,626 - INFO - 清洗后的数据已保存至: e:\Coding\NLP-Project\QuantTradingTransformer\data\cleaned\GOOGL_weekly_cleaned.csv
2025-03-09 21:11:59,626 - INFO - 开始清洗文件: e:\Coding\NLP-Project\QuantTradingTransformer\data\raw\MSFT_weekly.csv
2025-03-09 21:11:59,643 - INFO - 清洗后的数据已保存至: e:\Coding\NLP-Project\QuantTradingTransformer\data\cleaned\MSFT_weekly_cleaned.csv
2025-03-09 21:11:59,643 - INFO - 开始清洗文件: e:\Coding\NLP-Project\QuantTradingTransformer\data\raw\NVDA_weekly.csv
2025-03-09 21:11:59,662 - INFO - 清洗后的数据已保存至: e:\Coding\NLP-Project\QuantTradingTransformer\data\cleaned\NVDA_weekly_cleaned.csv
2025-03-09 21:11:59,662 - INFO - 开始清洗文件: e:\Coding\NLP-Project\QuantTradingTransformer\data\raw\TSLA_weekly.csv
2025-03-09 21:11:59,679 - INFO - 清洗后的数据已保存至: e:\Coding\NLP-Project\QuantTradingTransformer\data\cleaned\TSLA_weekly_cleaned.csv
2025-03-09 21:11:59,679 - INFO - ========== 数据清洗完成 ==========
