2025-03-09 21:11:01,027 - INFO - 开始下载 AAPL 周 K 线数据（2010-01-01 至 2025-03-01）
2025-03-09 21:11:03,023 - INFO - AAPL 周 K 线数据已保存至 e:\Coding\NLP-Project\QuantTradingTransformer\data\raw\AAPL_weekly.csv
2025-03-09 21:11:03,023 - INFO - 开始下载 GOOGL 周 K 线数据（2010-01-01 至 2025-03-01）
2025-03-09 21:11:03,373 - INFO - GOOGL 周 K 线数据已保存至 e:\Coding\NLP-Project\QuantTradingTransformer\data\raw\GOOGL_weekly.csv
2025-03-09 21:11:03,373 - INFO - 开始下载 NVDA 周 K 线数据（2010-01-01 至 2025-03-01）
2025-03-09 21:11:03,766 - INFO - NVDA 周 K 线数据已保存至 e:\Coding\NLP-Project\QuantTradingTransformer\data\raw\NVDA_weekly.csv
2025-03-09 21:11:03,777 - INFO - 开始下载 TSLA 周 K 线数据（2010-01-01 至 2025-03-01）
2025-03-09 21:11:04,139 - INFO - TSLA 周 K 线数据已保存至 e:\Coding\NLP-Project\QuantTradingTransformer\data\raw\TSLA_weekly.csv
2025-03-09 21:11:04,139 - INFO - 开始下载 MSFT 周 K 线数据（2010-01-01 至 2025-03-01）
2025-03-09 21:11:04,561 - INFO - MSFT 周 K 线数据已保存至 e:\Coding\NLP-Project\QuantTradingTransformer\data\raw\MSFT_weekly.csv
2025-03-09 21:11:37,312 - INFO - 开始下载 AAPL 周 K 线数据（2010-01-01 至 2025-03-01）
2025-03-09 21:11:39,346 - INFO - AAPL 周 K 线数据已保存至 e:\Coding\NLP-Project\QuantTradingTransformer\data\raw\AAPL_weekly.csv
2025-03-09 21:11:39,346 - INFO - 开始下载 GOOGL 周 K 线数据（2010-01-01 至 2025-03-01）
2025-03-09 21:11:39,746 - INFO - GOOGL 周 K 线数据已保存至 e:\Coding\NLP-Project\QuantTradingTransformer\data\raw\GOOGL_weekly.csv
2025-03-09 21:11:39,747 - INFO - 开始下载 NVDA 周 K 线数据（2010-01-01 至 2025-03-01）
2025-03-09 21:11:40,135 - INFO - NVDA 周 K 线数据已保存至 e:\Coding\NLP-Project\QuantTradingTransformer\data\raw\NVDA_weekly.csv
2025-03-09 21:11:40,135 - INFO - 开始下载 TSLA 周 K 线数据（2010-01-01 至 2025-03-01）
2025-03-09 21:11:40,493 - INFO - TSLA 周 K 线数据已保存至 e:\Coding\NLP-Project\QuantTradingTransformer\data\raw\TSLA_weekly.csv
2025-03-09 21:11:40,493 - INFO - 开始下载 MSFT 周 K 线数据（2010-01-01 至 2025-03-01）
2025-03-09 21:11:40,879 - INFO - MSFT 周 K 线数据已保存至 e:\Coding\NLP-Project\QuantTradingTransformer\data\raw\MSFT_weekly.csv
